{
"src\\yup\\yup.component.ts":{"path":"src\\yup\\yup.component.ts","statementMap":{"1":{"start":{"line":1,"column":0},"end":{"line":1,"column":60}},"2":{"start":{"line":2,"column":0},"end":{"line":2,"column":42}},"3":{"start":{"line":17,"column":25},"end":{"line":17,"column":0}},"4":{"start":{"line":19,"column":15},"end":{"line":19,"column":30}},"5":{"start":{"line":21,"column":0},"end":{"line":21,"column":1}},"6":{"start":{"line":17,"column":13},"end":{"line":21,"column":1}},"7":{"start":{"line":17,"column":13},"end":{"line":17,"column":25}}},"fnMap":{"1":{"name":"(anonymous_0)","line":17,"loc":{"start":{"line":17,"column":25},"end":{"line":17,"column":0}}},"2":{"name":"YUPComponent","line":19,"loc":{"start":{"line":19,"column":30},"end":{"line":20,"column":8}}}},"branchMap":{},"s":{"1":1,"2":1,"3":1,"4":0,"5":1,"6":1,"7":1},"b":{},"f":{"1":1,"2":0},"l":{"1":1,"2":1,"17":1,"19":0,"21":1}},
"src\\yup\\yup.service.ts":{"path":"src\\yup\\yup.service.ts","statementMap":{"1":{"start":{"line":1,"column":0},"end":{"line":1,"column":42}},"2":{"start":{"line":2,"column":0},"end":{"line":2,"column":56}},"3":{"start":{"line":15,"column":23},"end":{"line":15,"column":0}},"4":{"start":{"line":20,"column":16},"end":{"line":20,"column":39}},"5":{"start":{"line":22,"column":8},"end":{"line":22,"column":29}},"6":{"start":{"line":23,"column":8},"end":{"line":28,"column":10}},"7":{"start":{"line":29,"column":8},"end":{"line":34,"column":10}},"8":{"start":{"line":36,"column":11},"end":{"line":61,"column":5}},"9":{"start":{"line":36,"column":4},"end":{"line":61,"column":4}},"10":{"start":{"line":37,"column":8},"end":{"line":37,"column":57}},"11":{"start":{"line":38,"column":8},"end":{"line":38,"column":52}},"12":{"start":{"line":39,"column":8},"end":{"line":50,"column":10}},"13":{"start":{"line":40,"column":12},"end":{"line":49,"column":13}},"14":{"start":{"line":41,"column":16},"end":{"line":43,"column":19}},"15":{"start":{"line":42,"column":20},"end":{"line":42,"column":46}},"16":{"start":{"line":44,"column":19},"end":{"line":49,"column":13}},"17":{"start":{"line":45,"column":16},"end":{"line":45,"column":28}},"18":{"start":{"line":46,"column":16},"end":{"line":46,"column":42}},"19":{"start":{"line":48,"column":16},"end":{"line":48,"column":42}},"20":{"start":{"line":51,"column":8},"end":{"line":56,"column":10}},"21":{"start":{"line":52,"column":12},"end":{"line":54,"column":13}},"22":{"start":{"line":53,"column":16},"end":{"line":53,"column":28}},"23":{"start":{"line":55,"column":12},"end":{"line":55,"column":38}},"24":{"start":{"line":57,"column":8},"end":{"line":57,"column":57}},"25":{"start":{"line":58,"column":8},"end":{"line":58,"column":57}},"26":{"start":{"line":59,"column":8},"end":{"line":59,"column":57}},"27":{"start":{"line":60,"column":8},"end":{"line":60,"column":33}},"28":{"start":{"line":62,"column":11},"end":{"line":86,"column":5}},"29":{"start":{"line":62,"column":4},"end":{"line":86,"column":4}},"30":{"start":{"line":63,"column":8},"end":{"line":63,"column":56}},"31":{"start":{"line":64,"column":8},"end":{"line":64,"column":51}},"32":{"start":{"line":65,"column":8},"end":{"line":76,"column":10}},"33":{"start":{"line":66,"column":12},"end":{"line":75,"column":13}},"34":{"start":{"line":67,"column":16},"end":{"line":69,"column":19}},"35":{"start":{"line":68,"column":20},"end":{"line":68,"column":45}},"36":{"start":{"line":70,"column":19},"end":{"line":75,"column":13}},"37":{"start":{"line":71,"column":16},"end":{"line":71,"column":28}},"38":{"start":{"line":72,"column":16},"end":{"line":72,"column":41}},"39":{"start":{"line":74,"column":16},"end":{"line":74,"column":41}},"40":{"start":{"line":77,"column":8},"end":{"line":82,"column":10}},"41":{"start":{"line":78,"column":12},"end":{"line":80,"column":13}},"42":{"start":{"line":79,"column":16},"end":{"line":79,"column":28}},"43":{"start":{"line":81,"column":12},"end":{"line":81,"column":37}},"44":{"start":{"line":83,"column":8},"end":{"line":83,"column":56}},"45":{"start":{"line":84,"column":8},"end":{"line":84,"column":56}},"46":{"start":{"line":85,"column":8},"end":{"line":85,"column":32}},"47":{"start":{"line":87,"column":11},"end":{"line":93,"column":5}},"48":{"start":{"line":88,"column":8},"end":{"line":90,"column":9}},"49":{"start":{"line":89,"column":12},"end":{"line":89,"column":21}},"50":{"start":{"line":91,"column":8},"end":{"line":91,"column":80}},"51":{"start":{"line":92,"column":8},"end":{"line":92,"column":33}},"52":{"start":{"line":94,"column":11},"end":{"line":96,"column":5}},"53":{"start":{"line":95,"column":8},"end":{"line":95,"column":34}},"54":{"start":{"line":97,"column":11},"end":{"line":113,"column":5}},"55":{"start":{"line":97,"column":4},"end":{"line":113,"column":4}},"56":{"start":{"line":98,"column":8},"end":{"line":98,"column":52}},"57":{"start":{"line":99,"column":8},"end":{"line":99,"column":55}},"58":{"start":{"line":100,"column":8},"end":{"line":100,"column":52}},"59":{"start":{"line":101,"column":8},"end":{"line":101,"column":58}},"60":{"start":{"line":102,"column":8},"end":{"line":102,"column":40}},"61":{"start":{"line":103,"column":8},"end":{"line":112,"column":9}},"62":{"start":{"line":104,"column":12},"end":{"line":104,"column":32}},"63":{"start":{"line":105,"column":12},"end":{"line":109,"column":43}},"64":{"start":{"line":106,"column":16},"end":{"line":108,"column":17}},"65":{"start":{"line":107,"column":20},"end":{"line":107,"column":43}},"66":{"start":{"line":111,"column":12},"end":{"line":111,"column":35}},"67":{"start":{"line":114,"column":11},"end":{"line":117,"column":5}},"68":{"start":{"line":115,"column":8},"end":{"line":115,"column":29}},"69":{"start":{"line":116,"column":8},"end":{"line":116,"column":32}},"70":{"start":{"line":118,"column":11},"end":{"line":125,"column":5}},"71":{"start":{"line":118,"column":4},"end":{"line":125,"column":4}},"72":{"start":{"line":119,"column":8},"end":{"line":119,"column":51}},"73":{"start":{"line":120,"column":8},"end":{"line":120,"column":56}},"74":{"start":{"line":121,"column":8},"end":{"line":121,"column":32}},"75":{"start":{"line":122,"column":8},"end":{"line":124,"column":37}},"76":{"start":{"line":123,"column":12},"end":{"line":123,"column":37}},"77":{"start":{"line":126,"column":11},"end":{"line":128,"column":5}},"78":{"start":{"line":127,"column":8},"end":{"line":127,"column":28}},"79":{"start":{"line":129,"column":11},"end":{"line":131,"column":5}},"80":{"start":{"line":130,"column":8},"end":{"line":130,"column":26}},"81":{"start":{"line":132,"column":11},"end":{"line":143,"column":5}},"82":{"start":{"line":133,"column":8},"end":{"line":135,"column":9}},"83":{"start":{"line":134,"column":12},"end":{"line":134,"column":25}},"84":{"start":{"line":136,"column":8},"end":{"line":142,"column":9}},"85":{"start":{"line":139,"column":12},"end":{"line":139,"column":24}},"86":{"start":{"line":141,"column":12},"end":{"line":141,"column":25}},"87":{"start":{"line":144,"column":11},"end":{"line":155,"column":5}},"88":{"start":{"line":145,"column":8},"end":{"line":147,"column":9}},"89":{"start":{"line":146,"column":12},"end":{"line":146,"column":25}},"90":{"start":{"line":148,"column":8},"end":{"line":154,"column":9}},"91":{"start":{"line":151,"column":12},"end":{"line":151,"column":25}},"92":{"start":{"line":153,"column":12},"end":{"line":153,"column":24}},"93":{"start":{"line":156,"column":12},"end":{"line":165,"column":5}},"94":{"start":{"line":157,"column":8},"end":{"line":164,"column":9}},"95":{"start":{"line":161,"column":12},"end":{"line":161,"column":24}},"96":{"start":{"line":163,"column":12},"end":{"line":163,"column":25}},"97":{"start":{"line":166,"column":0},"end":{"line":166,"column":1}},"98":{"start":{"line":15,"column":13},"end":{"line":166,"column":1}},"99":{"start":{"line":15,"column":13},"end":{"line":15,"column":23}}},"fnMap":{"1":{"name":"(anonymous_0)","line":15,"loc":{"start":{"line":15,"column":23},"end":{"line":15,"column":0}}},"2":{"name":"YUPService","line":20,"loc":{"start":{"line":20,"column":39},"end":{"line":35,"column":5}}},"3":{"name":"(anonymous_2)","line":36,"loc":{"start":{"line":36,"column":38},"end":{"line":61,"column":5}}},"4":{"name":"(anonymous_3)","line":39,"loc":{"start":{"line":39,"column":33},"end":{"line":50,"column":9}}},"5":{"name":"(anonymous_4)","line":41,"loc":{"start":{"line":41,"column":33},"end":{"line":43,"column":17}}},"6":{"name":"(anonymous_5)","line":51,"loc":{"start":{"line":51,"column":33},"end":{"line":56,"column":9}}},"7":{"name":"(anonymous_6)","line":62,"loc":{"start":{"line":62,"column":37},"end":{"line":86,"column":5}}},"8":{"name":"(anonymous_7)","line":65,"loc":{"start":{"line":65,"column":32},"end":{"line":76,"column":9}}},"9":{"name":"(anonymous_8)","line":67,"loc":{"start":{"line":67,"column":33},"end":{"line":69,"column":17}}},"10":{"name":"(anonymous_9)","line":77,"loc":{"start":{"line":77,"column":32},"end":{"line":82,"column":9}}},"11":{"name":"(anonymous_10)","line":87,"loc":{"start":{"line":87,"column":29},"end":{"line":93,"column":5}}},"12":{"name":"(anonymous_11)","line":94,"loc":{"start":{"line":94,"column":4},"end":{"line":96,"column":5}}},"13":{"name":"(anonymous_12)","line":97,"loc":{"start":{"line":97,"column":34},"end":{"line":113,"column":5}}},"14":{"name":"(anonymous_13)","line":105,"loc":{"start":{"line":105,"column":23},"end":{"line":109,"column":13}}},"15":{"name":"(anonymous_14)","line":114,"loc":{"start":{"line":114,"column":4},"end":{"line":117,"column":5}}},"16":{"name":"(anonymous_15)","line":118,"loc":{"start":{"line":118,"column":36},"end":{"line":125,"column":5}}},"17":{"name":"(anonymous_16)","line":122,"loc":{"start":{"line":122,"column":19},"end":{"line":124,"column":9}}},"18":{"name":"(anonymous_17)","line":126,"loc":{"start":{"line":126,"column":4},"end":{"line":128,"column":5}}},"19":{"name":"(anonymous_18)","line":129,"loc":{"start":{"line":129,"column":4},"end":{"line":131,"column":5}}},"20":{"name":"(anonymous_19)","line":132,"loc":{"start":{"line":132,"column":28},"end":{"line":143,"column":5}}},"21":{"name":"(anonymous_20)","line":144,"loc":{"start":{"line":144,"column":28},"end":{"line":155,"column":5}}},"22":{"name":"(anonymous_21)","line":156,"loc":{"start":{"line":156,"column":29},"end":{"line":165,"column":5}}}},"branchMap":{"1":{"line":37,"type":"binary-expr","locations":[{"start":{"line":37,"column":35},"end":{"line":37,"column":46}},{"start":{"line":37,"column":50},"end":{"line":37,"column":56}}]},"2":{"line":38,"type":"binary-expr","locations":[{"start":{"line":38,"column":34},"end":{"line":38,"column":44}},{"start":{"line":38,"column":48},"end":{"line":38,"column":51}}]},"3":{"line":40,"type":"if","locations":[{"start":{"line":40,"column":12},"end":{"line":49,"column":13}},{"start":{"line":40,"column":12},"end":{"line":49,"column":13}}]},"4":{"line":40,"type":"binary-expr","locations":[{"start":{"line":40,"column":16},"end":{"line":40,"column":38}},{"start":{"line":40,"column":42},"end":{"line":40,"column":51}}]},"5":{"line":44,"type":"if","locations":[{"start":{"line":44,"column":19},"end":{"line":49,"column":13}},{"start":{"line":44,"column":19},"end":{"line":49,"column":13}}]},"6":{"line":52,"type":"if","locations":[{"start":{"line":52,"column":12},"end":{"line":54,"column":13}},{"start":{"line":52,"column":12},"end":{"line":54,"column":13}}]},"7":{"line":57,"type":"binary-expr","locations":[{"start":{"line":57,"column":36},"end":{"line":57,"column":48}},{"start":{"line":57,"column":52},"end":{"line":57,"column":56}}]},"8":{"line":58,"type":"binary-expr","locations":[{"start":{"line":58,"column":36},"end":{"line":58,"column":48}},{"start":{"line":58,"column":52},"end":{"line":58,"column":56}}]},"9":{"line":59,"type":"binary-expr","locations":[{"start":{"line":59,"column":36},"end":{"line":59,"column":48}},{"start":{"line":59,"column":52},"end":{"line":59,"column":56}}]},"10":{"line":63,"type":"binary-expr","locations":[{"start":{"line":63,"column":34},"end":{"line":63,"column":45}},{"start":{"line":63,"column":49},"end":{"line":63,"column":55}}]},"11":{"line":64,"type":"binary-expr","locations":[{"start":{"line":64,"column":33},"end":{"line":64,"column":43}},{"start":{"line":64,"column":47},"end":{"line":64,"column":50}}]},"12":{"line":66,"type":"if","locations":[{"start":{"line":66,"column":12},"end":{"line":75,"column":13}},{"start":{"line":66,"column":12},"end":{"line":75,"column":13}}]},"13":{"line":66,"type":"binary-expr","locations":[{"start":{"line":66,"column":16},"end":{"line":66,"column":38}},{"start":{"line":66,"column":42},"end":{"line":66,"column":51}}]},"14":{"line":70,"type":"if","locations":[{"start":{"line":70,"column":19},"end":{"line":75,"column":13}},{"start":{"line":70,"column":19},"end":{"line":75,"column":13}}]},"15":{"line":78,"type":"if","locations":[{"start":{"line":78,"column":12},"end":{"line":80,"column":13}},{"start":{"line":78,"column":12},"end":{"line":80,"column":13}}]},"16":{"line":83,"type":"binary-expr","locations":[{"start":{"line":83,"column":35},"end":{"line":83,"column":47}},{"start":{"line":83,"column":51},"end":{"line":83,"column":55}}]},"17":{"line":84,"type":"binary-expr","locations":[{"start":{"line":84,"column":35},"end":{"line":84,"column":47}},{"start":{"line":84,"column":51},"end":{"line":84,"column":55}}]},"18":{"line":88,"type":"if","locations":[{"start":{"line":88,"column":8},"end":{"line":90,"column":9}},{"start":{"line":88,"column":8},"end":{"line":90,"column":9}}]},"19":{"line":91,"type":"binary-expr","locations":[{"start":{"line":91,"column":69},"end":{"line":91,"column":72}},{"start":{"line":91,"column":76},"end":{"line":91,"column":78}}]},"20":{"line":98,"type":"binary-expr","locations":[{"start":{"line":98,"column":32},"end":{"line":98,"column":42}},{"start":{"line":98,"column":46},"end":{"line":98,"column":51}}]},"21":{"line":99,"type":"binary-expr","locations":[{"start":{"line":99,"column":33},"end":{"line":99,"column":44}},{"start":{"line":99,"column":48},"end":{"line":99,"column":54}}]},"22":{"line":100,"type":"binary-expr","locations":[{"start":{"line":100,"column":34},"end":{"line":100,"column":46}},{"start":{"line":100,"column":50},"end":{"line":100,"column":51}}]},"23":{"line":101,"type":"binary-expr","locations":[{"start":{"line":101,"column":37},"end":{"line":101,"column":52}},{"start":{"line":101,"column":56},"end":{"line":101,"column":57}}]},"24":{"line":103,"type":"if","locations":[{"start":{"line":103,"column":8},"end":{"line":112,"column":9}},{"start":{"line":103,"column":8},"end":{"line":112,"column":9}}]},"25":{"line":106,"type":"if","locations":[{"start":{"line":106,"column":16},"end":{"line":108,"column":17}},{"start":{"line":106,"column":16},"end":{"line":108,"column":17}}]},"26":{"line":119,"type":"binary-expr","locations":[{"start":{"line":119,"column":33},"end":{"line":119,"column":43}},{"start":{"line":119,"column":47},"end":{"line":119,"column":50}}]},"27":{"line":120,"type":"binary-expr","locations":[{"start":{"line":120,"column":35},"end":{"line":120,"column":47}},{"start":{"line":120,"column":51},"end":{"line":120,"column":55}}]},"28":{"line":133,"type":"if","locations":[{"start":{"line":133,"column":8},"end":{"line":135,"column":9}},{"start":{"line":133,"column":8},"end":{"line":135,"column":9}}]},"29":{"line":137,"type":"switch","locations":[{"start":{"line":137,"column":12},"end":{"line":137,"column":24}},{"start":{"line":138,"column":12},"end":{"line":139,"column":24}},{"start":{"line":140,"column":12},"end":{"line":141,"column":25}}]},"30":{"line":145,"type":"if","locations":[{"start":{"line":145,"column":8},"end":{"line":147,"column":9}},{"start":{"line":145,"column":8},"end":{"line":147,"column":9}}]},"31":{"line":149,"type":"switch","locations":[{"start":{"line":149,"column":12},"end":{"line":149,"column":24}},{"start":{"line":150,"column":12},"end":{"line":151,"column":25}},{"start":{"line":152,"column":12},"end":{"line":153,"column":24}}]},"32":{"line":158,"type":"switch","locations":[{"start":{"line":158,"column":12},"end":{"line":158,"column":29}},{"start":{"line":159,"column":12},"end":{"line":159,"column":29}},{"start":{"line":160,"column":12},"end":{"line":161,"column":24}},{"start":{"line":162,"column":12},"end":{"line":163,"column":25}}]}},"s":{"1":1,"2":1,"3":1,"4":0,"5":0,"6":0,"7":0,"8":1,"9":0,"10":0,"11":0,"12":0,"13":0,"14":0,"15":0,"16":0,"17":0,"18":0,"19":0,"20":0,"21":0,"22":0,"23":0,"24":0,"25":0,"26":0,"27":0,"28":1,"29":0,"30":0,"31":0,"32":0,"33":0,"34":0,"35":0,"36":0,"37":0,"38":0,"39":0,"40":0,"41":0,"42":0,"43":0,"44":0,"45":0,"46":0,"47":1,"48":0,"49":0,"50":0,"51":0,"52":1,"53":0,"54":1,"55":0,"56":0,"57":0,"58":0,"59":0,"60":0,"61":0,"62":0,"63":0,"64":0,"65":0,"66":0,"67":1,"68":0,"69":0,"70":1,"71":0,"72":0,"73":0,"74":0,"75":0,"76":0,"77":1,"78":0,"79":1,"80":0,"81":1,"82":0,"83":0,"84":0,"85":0,"86":0,"87":1,"88":0,"89":0,"90":0,"91":0,"92":0,"93":1,"94":0,"95":0,"96":0,"97":1,"98":1,"99":1},"b":{"1":[0,0],"2":[0,0],"3":[0,0],"4":[0,0],"5":[0,0],"6":[0,0],"7":[0,0],"8":[0,0],"9":[0,0],"10":[0,0],"11":[0,0],"12":[0,0],"13":[0,0],"14":[0,0],"15":[0,0],"16":[0,0],"17":[0,0],"18":[0,0],"19":[0,0],"20":[0,0],"21":[0,0],"22":[0,0],"23":[0,0],"24":[0,0],"25":[0,0],"26":[0,0],"27":[0,0],"28":[0,0],"29":[0,0,0],"30":[0,0],"31":[0,0,0],"32":[0,0,0,0]},"f":{"1":1,"2":0,"3":0,"4":0,"5":0,"6":0,"7":0,"8":0,"9":0,"10":0,"11":0,"12":0,"13":0,"14":0,"15":0,"16":0,"17":0,"18":0,"19":0,"20":0,"21":0,"22":0},"l":{"1":1,"2":1,"15":1,"20":0,"22":0,"23":0,"29":0,"36":1,"37":0,"38":0,"39":0,"40":0,"41":0,"42":0,"44":0,"45":0,"46":0,"48":0,"51":0,"52":0,"53":0,"55":0,"57":0,"58":0,"59":0,"60":0,"62":1,"63":0,"64":0,"65":0,"66":0,"67":0,"68":0,"70":0,"71":0,"72":0,"74":0,"77":0,"78":0,"79":0,"81":0,"83":0,"84":0,"85":0,"87":1,"88":0,"89":0,"91":0,"92":0,"94":1,"95":0,"97":1,"98":0,"99":0,"100":0,"101":0,"102":0,"103":0,"104":0,"105":0,"106":0,"107":0,"111":0,"114":1,"115":0,"116":0,"118":1,"119":0,"120":0,"121":0,"122":0,"123":0,"126":1,"127":0,"129":1,"130":0,"132":1,"133":0,"134":0,"136":0,"139":0,"141":0,"144":1,"145":0,"146":0,"148":0,"151":0,"153":0,"156":1,"157":0,"161":0,"163":0,"166":1}}}
